*** Using Compiler 'V6.18', folder: 'N:\TU\MDK\Keil_v5\ARM\ARMCLANG\Bin'
Build target 'nor_sdram_zf_dtcm'
pid.c(35): warning: implicit declaration of function 'exp' is invalid in C99 [-Wimplicit-function-declaration]
        ki_index = (pid->ki) - (pid->ki) / (1 + exp(change_kib - 0.2 * fabs(error)));    //<B1><E4><BB><FD><B7>ֿ<D8><D6><C6>
                                                ^
pid.c(35): warning: implicit declaration of function 'fabs' is invalid in C99 [-Wimplicit-function-declaration]
        ki_index = (pid->ki) - (pid->ki) / (1 + exp(change_kib - 0.2 * fabs(error)));    //<B1><E4><BB><FD><B7>ֿ<D8><D6><C6>
                                                                       ^
2 warnings generated.
compiling pid.c...
garage.c(4): warning: In file included from...../mdk/motor.h(4): warning: In file included from...../mdk/headfile.h(14): warning: In file included from...../mdk/chassis.h(5): warning: In file included from...../mdk/posture.h(4): warning: In file included from...../mdk/matrix.h(340): warning: non-void function does not return a value [-Wreturn-type]
}
^
../mdk/matrix.h(345): warning: non-void function does not return a value [-Wreturn-type]
}
^
2 warnings generated.
compiling garage.c...
motor.c(1): warning: In file included from...../mdk/motor.h(4): warning: In file included from...../mdk/headfile.h(14): warning: In file included from...../mdk/chassis.h(5): warning: In file included from...../mdk/posture.h(4): warning: In file included from...../mdk/matrix.h(340): warning: non-void function does not return a value [-Wreturn-type]
}
^
../mdk/matrix.h(345): warning: non-void function does not return a value [-Wreturn-type]
}
^
2 warnings generated.
compiling motor.c...
car_move.c(1): warning: In file included from...../mdk/car_move.h(4): warning: In file included from...../mdk/headfile.h(14): warning: In file included from...../mdk/chassis.h(5): warning: In file included from...../mdk/posture.h(4): warning: In file included from...../mdk/matrix.h(340): warning: non-void function does not return a value [-Wreturn-type]
}
^
../mdk/matrix.h(345): warning: non-void function does not return a value [-Wreturn-type]
}
^
2 warnings generated.
compiling car_move.c...
debugger.c(3): warning: In file included from...../mdk/headfile.h(14): warning: In file included from...../mdk/chassis.h(5): warning: In file included from...../mdk/posture.h(4): warning: In file included from...../mdk/matrix.h(340): warning: non-void function does not return a value [-Wreturn-type]
}
^
../mdk/matrix.h(345): warning: non-void function does not return a value [-Wreturn-type]
}
^
2 warnings generated.
compiling debugger.c...
circle.c(2): warning: In file included from...../mdk/motor.h(4): warning: In file included from...../mdk/headfile.h(14): warning: In file included from...../mdk/chassis.h(5): warning: In file included from...../mdk/posture.h(4): warning: In file included from...../mdk/matrix.h(340): warning: non-void function does not return a value [-Wreturn-type]
}
^
../mdk/matrix.h(345): warning: non-void function does not return a value [-Wreturn-type]
}
^
2 warnings generated.
compiling circle.c...
cross.c(2): warning: In file included from...../mdk/motor.h(4): warning: In file included from...../mdk/headfile.h(14): warning: In file included from...../mdk/chassis.h(5): warning: In file included from...../mdk/posture.h(4): warning: In file included from...../mdk/matrix.h(340): warning: non-void function does not return a value [-Wreturn-type]
}
^
../mdk/matrix.h(345): warning: non-void function does not return a value [-Wreturn-type]
}
^
2 warnings generated.
compiling cross.c...
../user/src/main.c(2): warning: In file included from...../mdk\posture.h(4): warning: In file included from...../mdk/matrix.h(340): warning: non-void function does not return a value [-Wreturn-type]
}
^
../mdk/matrix.h(345): warning: non-void function does not return a value [-Wreturn-type]
}
^
../user/src/main.c(323): warning: non-void function does not return a value in all control paths [-Wreturn-type]
}
^
3 warnings generated.
compiling main.c...
linking...
Program Size: Code=78536 RO-data=13644 RW-data=1444416 ZI-data=82852  
".\Objects\rt1064.axf" - 0 Error(s), 17 Warning(s).
Build Time Elapsed:  00:00:13
